<?xml version="1.0" encoding="UTF-8"?>
<!-- Generated by org.testng.reporters.JUnitXMLReporter -->
<testsuite ignored="0" hostname="Sasikumar" failures="0" tests="4" name="Default test" time="12.031" errors="0" timestamp="2023-10-15T22:41:49 IST">
  <testcase classname="testng.practices.TestingPrac" name="googleMapsAPIGet" time="8.682"/>
  <testcase classname="testng.practices.TestingPrac" name="googleMapsAPIPost" time="0.6"/>
  <testcase classname="testng.practices.TestingPrac" name="googleMapsAPIsDelete" time="1.461"/>
  <testcase classname="testng.practices.TestingPrac" name="googleMapsAPIsUpdate" time="1.099"/>
</testsuite> <!-- Default test -->
