<?xml version="1.0" encoding="UTF-8"?>
<!-- Generated by org.testng.reporters.JUnitXMLReporter -->
<testsuite ignored="0" hostname="Sasikumar" failures="0" tests="3" name="Default test" time="8.042" errors="0" timestamp="2023-10-15T22:32:33 IST">
  <testcase classname="testng.practices.TestingPrac" name="googleMapsAPIGet" time="5.907"/>
  <testcase classname="testng.practices.TestingPrac" name="googleMapsAPIPost" time="0.445"/>
  <testcase classname="testng.practices.TestingPrac" name="googleMapsAPIsUpdate" time="1.555"/>
</testsuite> <!-- Default test -->
